<?xml version="1.0" encoding="UTF-8"?>
<!-- Generated by org.testng.reporters.JUnitReportReporter -->
<testsuite hostname="LAPTOP-D6EH55C7" failures="0" tests="4" name="test_cases.RegisterTest" time="87.298" errors="0" timestamp="2023-09-02T11:10:34 IST" skipped="0">
  <testcase classname="test_cases.RegisterTest" name="Register" time="10.165"/>
  <system-out/>
  <testcase classname="test_cases.RegisterTest" name="Register" time="4.768"/>
  <system-out/>
  <testcase classname="test_cases.RegisterTest" name="Re_Register" time="38.647"/>
  <system-out/>
  <testcase classname="test_cases.RegisterTest" name="Re_Register" time="33.718"/>
  <system-out/>
</testsuite> <!-- test_cases.RegisterTest -->
