<?xml version="1.0" encoding="UTF-8"?>
<!-- Generated by org.testng.reporters.JUnitReportReporter -->
<testsuite hostname="LAPTOP-D6EH55C7" failures="0" tests="2" name="test_cases.LoginTest" time="14.762" errors="0" timestamp="2023-08-25T01:04:09 IST" skipped="0">
  <testcase classname="test_cases.LoginTest" name="loginToApplication" time="8.770"/>
  <system-out/>
  <testcase classname="test_cases.LoginTest" name="loginToApplication" time="5.992"/>
  <system-out/>
</testsuite> <!-- test_cases.LoginTest -->
