<?xml version="1.0" encoding="UTF-8"?>
<!-- Generated by org.testng.reporters.JUnitReportReporter -->
<testsuite hostname="LAPTOP-D6EH55C7" failures="0" tests="2" name="test_cases.LoginTest" time="33.846" errors="0" timestamp="2023-09-25T13:14:05 IST" skipped="0">
  <testcase classname="test_cases.LoginTest" name="loginToApplication" time="20.309"/>
  <system-out/>
  <testcase classname="test_cases.LoginTest" name="loginToApplication" time="13.537"/>
  <system-out/>
</testsuite> <!-- test_cases.LoginTest -->
